<?xml version="1.0" encoding="utf-8"?><testsuites name="pytest tests"><testsuite name="pytest" errors="0" failures="0" skipped="0" tests="25" time="3.032" timestamp="2026-05-04T06:48:11.765491+00:00" hostname="agent-env-24f88f78-839d-43f9-b9c5-a1f382210c43"><testcase classname="backend.tests.test_inventory_backend.TestHealth" name="test_health_ok" time="0.164" /><testcase classname="backend.tests.test_inventory_backend.TestProducts" name="test_list_products_has_seeded_eight" time="0.050" /><testcase classname="backend.tests.test_inventory_backend.TestProducts" name="test_create_product_success" time="0.163" /><testcase classname="backend.tests.test_inventory_backend.TestProducts" name="test_create_product_duplicate_sku_returns_409" time="0.149" /><testcase classname="backend.tests.test_inventory_backend.TestProducts" name="test_get_product_not_found" time="0.045" /><testcase classname="backend.tests.test_inventory_backend.TestProducts" name="test_update_product" time="0.203" /><testcase classname="backend.tests.test_inventory_backend.TestProducts" name="test_update_product_not_found" time="0.046" /><testcase classname="backend.tests.test_inventory_backend.TestProducts" name="test_delete_product_cascades_sales" time="0.269" /><testcase classname="backend.tests.test_inventory_backend.TestProducts" name="test_create_product_validation_rejects_negative_stock" time="0.045" /><testcase classname="backend.tests.test_inventory_backend.TestSales" name="test_sale_decrements_stock" time="0.184" /><testcase classname="backend.tests.test_inventory_backend.TestSales" name="test_sale_insufficient_stock_returns_400" time="0.238" /><testcase classname="backend.tests.test_inventory_backend.TestSales" name="test_sale_missing_product_returns_404" time="0.048" /><testcase classname="backend.tests.test_inventory_backend.TestSales" name="test_sale_quantity_must_be_positive" time="0.179" /><testcase classname="backend.tests.test_inventory_backend.TestSales" name="test_list_sales" time="0.046" /><testcase classname="backend.tests.test_inventory_backend.TestSales" name="test_sales_for_product" time="0.258" /><testcase classname="backend.tests.test_inventory_backend.TestSales" name="test_sales_for_missing_product_404" time="0.046" /><testcase classname="backend.tests.test_inventory_backend.TestInsights" name="test_low_stock" time="0.054" /><testcase classname="backend.tests.test_inventory_backend.TestInsights" name="test_product_insight" time="0.095" /><testcase classname="backend.tests.test_inventory_backend.TestInsights" name="test_product_insight_handles_zero_sales" time="0.142" /><testcase classname="backend.tests.test_inventory_backend.TestInsights" name="test_product_insight_not_found" time="0.046" /><testcase classname="backend.tests.test_inventory_backend.TestInsights" name="test_product_ai_summary" time="0.092" /><testcase classname="backend.tests.test_inventory_backend.TestInsights" name="test_product_ai_summary_404" time="0.049" /><testcase classname="backend.tests.test_inventory_backend.TestInsights" name="test_daily_ai_summary" time="0.049" /><testcase classname="backend.tests.test_inventory_backend.TestApiPrefix" name="test_root_api_reachable" time="0.045" /><testcase classname="backend.tests.test_inventory_backend.TestApiPrefix" name="test_non_prefixed_routes_are_not_backend" time="0.184" /></testsuite></testsuites>